<?xml version="1.0" encoding="UTF-8"?>
<!-- Generated by org.testng.reporters.JUnitReportReporter -->
<testsuite skipped="0" hostname="2SH65A4B71"
	name="com.upc.automation.tests.OrderingAlertsTest" tests="1"
	failures="0" timestamp="08 Dec 2017 03:13:05 GMT" time="535.905"
	errors="0">
	<testcase name="deliveryAlertsTest" time="535.905"
		classname="com.upc.automation.tests.OrderingAlertsTest" />
</testsuite> <!-- com.upc.automation.tests.OrderingAlertsTest -->
