<?xml version="1.0" encoding="UTF-8"?>
<!-- Generated by org.testng.reporters.JUnitReportReporter -->
<testsuite skipped="0" hostname="2SH65A4B71"
	name="com.upc.automation.tests.CustomerDepartmentsTest" tests="1"
	failures="0" timestamp="05 Jan 2018 21:54:08 GMT" time="4.962"
	errors="0">
	<testcase name="customerDepartmentsTest" time="4.962"
		classname="com.upc.automation.tests.CustomerDepartmentsTest" />
</testsuite> <!-- com.upc.automation.tests.CustomerDepartmentsTest -->
