<?xml version="1.0" encoding="UTF-8"?>
<!-- Generated by org.testng.reporters.JUnitReportReporter -->
<testsuite skipped="0" hostname="2SH65A4B71"
	name="com.upc.automation.tests.SingleCustNoDeptTest" tests="1"
	failures="0" timestamp="11 Dec 2017 02:05:17 GMT" time="255.497"
	errors="0">
	<testcase name="singleCustNoDeptTest" time="255.497"
		classname="com.upc.automation.tests.SingleCustNoDeptTest" />
</testsuite> <!-- com.upc.automation.tests.SingleCustNoDeptTest -->
