<?xml version="1.0" encoding="UTF-8"?>
<!-- Generated by org.testng.reporters.JUnitReportReporter -->
<testsuite skipped="0" hostname="2SH65A4B71"
	name="com.upc.automation.tests.SampleTest" tests="1" failures="0"
	timestamp="24 Aug 2017 03:18:27 GMT" time="0.010" errors="0">
	<testcase name="sampleTest" time="0.010"
		classname="com.upc.automation.tests.SampleTest" />
</testsuite> <!-- com.upc.automation.tests.SampleTest -->
