<?xml version="1.0" encoding="UTF-8"?>
<!-- Generated by org.testng.reporters.JUnitReportReporter -->
<testsuite skipped="0" hostname="2SH65A4B71"
	name="com.upc.automation.tests.DeliveryAlertsTest" tests="1"
	failures="0" timestamp="08 Dec 2017 02:44:17 GMT" time="675.828"
	errors="0">
	<testcase name="deliveryAlertsTest" time="675.828"
		classname="com.upc.automation.tests.DeliveryAlertsTest" />
</testsuite> <!-- com.upc.automation.tests.DeliveryAlertsTest -->
