<?xml version="1.0" encoding="UTF-8"?>
<!-- Generated by org.testng.reporters.JUnitReportReporter -->
<testsuite hostname="DESKTOP-V34C1IL" failures="0" tests="1" name="com.uob.automation.tests.UOB_LoginmultiTest" time="10.043" errors="0" timestamp="12 Feb 2023 08:31:42 GMT" skipped="0">
  <testcase classname="com.uob.automation.tests.UOB_LoginmultiTest" name="LoginTest" time="10.043"/>
</testsuite> <!-- com.uob.automation.tests.UOB_LoginmultiTest -->
